Build started 20/02/2016 23:09:07.
     1>Project "D:\Anthor\Projects\Flourish\Premake\source\build\bootstrap\zip-lib.vcxproj" on node 2 (Build target(s)).
     1>ClCompile:
         D:\Programs\Microsoft Visual Studio 14.0\VC\bin\CL.exe /c /I..\..\contrib\libzip\include /Zi /nologo /W3 /WX- /O1 /Oi /Oy- /D _CRT_SECURE_NO_WARNINGS /D _CRT_NONSTDC_NO_WARNINGS /D N_FSEEKO /D _CRT_SECURE_NO_DEPRECATE /D _WINDOWS /D NDEBUG /D _UNICODE /D UNICODE /GF /Gm- /EHsc /MT /GS /Gy /fp:precise /Zc:wchar_t /Zc:forScope /Zc:inline /Fo"obj\Release\zip-lib\\" /Fd"obj\Release\zip-lib\zip-lib.pdb" /Gd /TC /analyze- /errorReport:prompt ..\..\contrib\libzip\mkstemp.c ..\..\contrib\libzip\zip_add.c ..\..\contrib\libzip\zip_add_dir.c ..\..\contrib\libzip\zip_add_entry.c ..\..\contrib\libzip\zip_close.c ..\..\contrib\libzip\zip_delete.c ..\..\contrib\libzip\zip_dir_add.c ..\..\contrib\libzip\zip_dirent.c ..\..\contrib\libzip\zip_discard.c ..\..\contrib\libzip\zip_entry.c ..\..\contrib\libzip\zip_err_str.c ..\..\contrib\libzip\zip_error.c ..\..\contrib\libzip\zip_error_clear.c ..\..\contrib\libzip\zip_error_get.c ..\..\contrib\libzip\zip_error_get_sys_type.c ..\..\contrib\libzip\zip_error_strerror.c ..\..\contrib\libzip\zip_error_to_str.c ..\..\contrib\libzip\zip_extra_field.c ..\..\contrib\libzip\zip_extra_field_api.c ..\..\contrib\libzip\zip_fclose.c ..\..\contrib\libzip\zip_fdopen.c ..\..\contrib\libzip\zip_file_add.c ..\..\contrib\libzip\zip_file_error_clear.c ..\..\contrib\libzip\zip_file_error_get.c ..\..\contrib\libzip\zip_file_get_comment.c ..\..\contrib\libzip\zip_file_get_external_attributes.c ..\..\contrib\libzip\zip_file_get_offset.c ..\..\contrib\libzip\zip_file_rename.c ..\..\contrib\libzip\zip_file_replace.c ..\..\contrib\libzip\zip_file_set_comment.c ..\..\contrib\libzip\zip_file_set_external_attributes.c ..\..\contrib\libzip\zip_file_strerror.c ..\..\contrib\libzip\zip_filerange_crc.c ..\..\contrib\libzip\zip_fopen.c ..\..\contrib\libzip\zip_fopen_encrypted.c ..\..\contrib\libzip\zip_fopen_index.c ..\..\contrib\libzip\zip_fopen_index_encrypted.c ..\..\contrib\libzip\zip_fread.c ..\..\contrib\libzip\zip_get_archive_comment.c ..\..\contrib\libzip\zip_get_archive_flag.c ..\..\contrib\libzip\zip_get_compression_implementation.c ..\..\contrib\libzip\zip_get_encryption_implementation.c ..\..\contrib\libzip\zip_get_file_comment.c ..\..\contrib\libzip\zip_get_name.c ..\..\contrib\libzip\zip_get_num_entries.c ..\..\contrib\libzip\zip_get_num_files.c ..\..\contrib\libzip\zip_memdup.c ..\..\contrib\libzip\zip_name_locate.c ..\..\contrib\libzip\zip_new.c ..\..\contrib\libzip\zip_open.c ..\..\contrib\libzip\zip_rename.c ..\..\contrib\libzip\zip_replace.c ..\..\contrib\libzip\zip_set_archive_comment.c ..\..\contrib\libzip\zip_set_archive_flag.c ..\..\contrib\libzip\zip_set_default_password.c ..\..\contrib\libzip\zip_set_file_comment.c ..\..\contrib\libzip\zip_set_file_compression.c ..\..\contrib\libzip\zip_set_name.c ..\..\contrib\libzip\zip_source_buffer.c ..\..\contrib\libzip\zip_source_close.c ..\..\contrib\libzip\zip_source_crc.c ..\..\contrib\libzip\zip_source_deflate.c ..\..\contrib\libzip\zip_source_error.c ..\..\contrib\libzip\zip_source_file.c ..\..\contrib\libzip\zip_source_filep.c ..\..\contrib\libzip\zip_source_free.c ..\..\contrib\libzip\zip_source_function.c ..\..\contrib\libzip\zip_source_layered.c ..\..\contrib\libzip\zip_source_open.c ..\..\contrib\libzip\zip_source_pkware.c ..\..\contrib\libzip\zip_source_pop.c ..\..\contrib\libzip\zip_source_read.c ..\..\contrib\libzip\zip_source_stat.c ..\..\contrib\libzip\zip_source_window.c ..\..\contrib\libzip\zip_source_zip.c ..\..\contrib\libzip\zip_source_zip_new.c ..\..\contrib\libzip\zip_stat.c ..\..\contrib\libzip\zip_stat_index.c ..\..\contrib\libzip\zip_stat_init.c ..\..\contrib\libzip\zip_strerror.c ..\..\contrib\libzip\zip_string.c ..\..\contrib\libzip\zip_unchange.c ..\..\contrib\libzip\zip_unchange_all.c ..\..\contrib\libzip\zip_unchange_archive.c ..\..\contrib\libzip\zip_unchange_data.c "..\..\contrib\libzip\zip_utf-8.c"
         mkstemp.c
         zip_add.c
         zip_add_dir.c
         zip_add_entry.c
         zip_close.c
         zip_delete.c
         zip_dir_add.c
         zip_dirent.c
         zip_discard.c
         zip_entry.c
         zip_err_str.c
         zip_error.c
         zip_error_clear.c
         zip_error_get.c
         zip_error_get_sys_type.c
         zip_error_strerror.c
         zip_error_to_str.c
         zip_extra_field.c
         zip_extra_field_api.c
         zip_fclose.c
         Generating Code...
         Compiling...
         zip_fdopen.c
         zip_file_add.c
         zip_file_error_clear.c
         zip_file_error_get.c
         zip_file_get_comment.c
         zip_file_get_external_attributes.c
         zip_file_get_offset.c
         zip_file_rename.c
         zip_file_replace.c
         zip_file_set_comment.c
         zip_file_set_external_attributes.c
         zip_file_strerror.c
         zip_filerange_crc.c
         zip_fopen.c
         zip_fopen_encrypted.c
         zip_fopen_index.c
         zip_fopen_index_encrypted.c
         zip_fread.c
         zip_get_archive_comment.c
         zip_get_archive_flag.c
         Generating Code...
         Compiling...
         zip_get_compression_implementation.c
         zip_get_encryption_implementation.c
         zip_get_file_comment.c
         zip_get_name.c
         zip_get_num_entries.c
         zip_get_num_files.c
         zip_memdup.c
         zip_name_locate.c
         zip_new.c
         zip_open.c
         zip_rename.c
         zip_replace.c
         zip_set_archive_comment.c
         zip_set_archive_flag.c
         zip_set_default_password.c
         zip_set_file_comment.c
         zip_set_file_compression.c
         zip_set_name.c
         zip_source_buffer.c
         zip_source_close.c
         Generating Code...
         Compiling...
         zip_source_crc.c
         zip_source_deflate.c
         zip_source_error.c
         zip_source_file.c
         zip_source_filep.c
         zip_source_free.c
         zip_source_function.c
         zip_source_layered.c
         zip_source_open.c
         zip_source_pkware.c
         zip_source_pop.c
         zip_source_read.c
         zip_source_stat.c
         zip_source_window.c
         zip_source_zip.c
         zip_source_zip_new.c
         zip_stat.c
         zip_stat_index.c
         zip_stat_init.c
         zip_strerror.c
         Generating Code...
         Compiling...
         zip_string.c
         zip_unchange.c
         zip_unchange_all.c
         zip_unchange_archive.c
         zip_unchange_data.c
         zip_utf-8.c
         Generating Code...
       Lib:
         D:\Programs\Microsoft Visual Studio 14.0\VC\bin\Lib.exe /OUT:"bin\Release\zip-lib.lib" /NOLOGO "obj\Release\zip-lib\mkstemp.obj"
         "obj\Release\zip-lib\zip_add.obj"
         "obj\Release\zip-lib\zip_add_dir.obj"
         "obj\Release\zip-lib\zip_add_entry.obj"
         "obj\Release\zip-lib\zip_close.obj"
         "obj\Release\zip-lib\zip_delete.obj"
         "obj\Release\zip-lib\zip_dir_add.obj"
         "obj\Release\zip-lib\zip_dirent.obj"
         "obj\Release\zip-lib\zip_discard.obj"
         "obj\Release\zip-lib\zip_entry.obj"
         "obj\Release\zip-lib\zip_err_str.obj"
         "obj\Release\zip-lib\zip_error.obj"
         "obj\Release\zip-lib\zip_error_clear.obj"
         "obj\Release\zip-lib\zip_error_get.obj"
         "obj\Release\zip-lib\zip_error_get_sys_type.obj"
         "obj\Release\zip-lib\zip_error_strerror.obj"
         "obj\Release\zip-lib\zip_error_to_str.obj"
         "obj\Release\zip-lib\zip_extra_field.obj"
         "obj\Release\zip-lib\zip_extra_field_api.obj"
         "obj\Release\zip-lib\zip_fclose.obj"
         "obj\Release\zip-lib\zip_fdopen.obj"
         "obj\Release\zip-lib\zip_file_add.obj"
         "obj\Release\zip-lib\zip_file_error_clear.obj"
         "obj\Release\zip-lib\zip_file_error_get.obj"
         "obj\Release\zip-lib\zip_file_get_comment.obj"
         "obj\Release\zip-lib\zip_file_get_external_attributes.obj"
         "obj\Release\zip-lib\zip_file_get_offset.obj"
         "obj\Release\zip-lib\zip_file_rename.obj"
         "obj\Release\zip-lib\zip_file_replace.obj"
         "obj\Release\zip-lib\zip_file_set_comment.obj"
         "obj\Release\zip-lib\zip_file_set_external_attributes.obj"
         "obj\Release\zip-lib\zip_file_strerror.obj"
         "obj\Release\zip-lib\zip_filerange_crc.obj"
         "obj\Release\zip-lib\zip_fopen.obj"
         "obj\Release\zip-lib\zip_fopen_encrypted.obj"
         "obj\Release\zip-lib\zip_fopen_index.obj"
         "obj\Release\zip-lib\zip_fopen_index_encrypted.obj"
         "obj\Release\zip-lib\zip_fread.obj"
         "obj\Release\zip-lib\zip_get_archive_comment.obj"
         "obj\Release\zip-lib\zip_get_archive_flag.obj"
         "obj\Release\zip-lib\zip_get_compression_implementation.obj"
         "obj\Release\zip-lib\zip_get_encryption_implementation.obj"
         "obj\Release\zip-lib\zip_get_file_comment.obj"
         "obj\Release\zip-lib\zip_get_name.obj"
         "obj\Release\zip-lib\zip_get_num_entries.obj"
         "obj\Release\zip-lib\zip_get_num_files.obj"
         "obj\Release\zip-lib\zip_memdup.obj"
         "obj\Release\zip-lib\zip_name_locate.obj"
         "obj\Release\zip-lib\zip_new.obj"
         "obj\Release\zip-lib\zip_open.obj"
         "obj\Release\zip-lib\zip_rename.obj"
         "obj\Release\zip-lib\zip_replace.obj"
         "obj\Release\zip-lib\zip_set_archive_comment.obj"
         "obj\Release\zip-lib\zip_set_archive_flag.obj"
         "obj\Release\zip-lib\zip_set_default_password.obj"
         "obj\Release\zip-lib\zip_set_file_comment.obj"
         "obj\Release\zip-lib\zip_set_file_compression.obj"
         "obj\Release\zip-lib\zip_set_name.obj"
         "obj\Release\zip-lib\zip_source_buffer.obj"
         "obj\Release\zip-lib\zip_source_close.obj"
         "obj\Release\zip-lib\zip_source_crc.obj"
         "obj\Release\zip-lib\zip_source_deflate.obj"
         "obj\Release\zip-lib\zip_source_error.obj"
         "obj\Release\zip-lib\zip_source_file.obj"
         "obj\Release\zip-lib\zip_source_filep.obj"
         "obj\Release\zip-lib\zip_source_free.obj"
         "obj\Release\zip-lib\zip_source_function.obj"
         "obj\Release\zip-lib\zip_source_layered.obj"
         "obj\Release\zip-lib\zip_source_open.obj"
         "obj\Release\zip-lib\zip_source_pkware.obj"
         "obj\Release\zip-lib\zip_source_pop.obj"
         "obj\Release\zip-lib\zip_source_read.obj"
         "obj\Release\zip-lib\zip_source_stat.obj"
         "obj\Release\zip-lib\zip_source_window.obj"
         "obj\Release\zip-lib\zip_source_zip.obj"
         "obj\Release\zip-lib\zip_source_zip_new.obj"
         "obj\Release\zip-lib\zip_stat.obj"
         "obj\Release\zip-lib\zip_stat_index.obj"
         "obj\Release\zip-lib\zip_stat_init.obj"
         "obj\Release\zip-lib\zip_strerror.obj"
         "obj\Release\zip-lib\zip_string.obj"
         "obj\Release\zip-lib\zip_unchange.obj"
         "obj\Release\zip-lib\zip_unchange_all.obj"
         "obj\Release\zip-lib\zip_unchange_archive.obj"
         "obj\Release\zip-lib\zip_unchange_data.obj"
         "obj\Release\zip-lib\zip_utf-8.obj"
         zip-lib.vcxproj -> D:\Anthor\Projects\Flourish\Premake\source\build\bootstrap\bin\Release\zip-lib.lib
     1>Done Building Project "D:\Anthor\Projects\Flourish\Premake\source\build\bootstrap\zip-lib.vcxproj" (Build target(s)).

Build succeeded.

Time Elapsed 00:00:19.36
