Build started 20/02/2016 23:09:07.
     1>Project "D:\Anthor\Projects\Flourish\Premake\source\build\bootstrap\curl-lib.vcxproj" on node 3 (Build target(s)).
     1>ClCompile:
         D:\Programs\Microsoft Visual Studio 14.0\VC\bin\CL.exe /c /I..\..\contrib\curl\include /I..\..\contrib\curl\lib /Zi /nologo /W0 /WX- /O1 /Oi /Oy- /D _CRT_SECURE_NO_WARNINGS /D _CRT_NONSTDC_NO_WARNINGS /D BUILDING_LIBCURL /D CURL_STATICLIB /D HTTP_ONLY /D CURL_DISABLE_LDAP /D WIN32 /D USE_SCHANNEL /D USE_WINDOWS_SSPI /D NDEBUG /D _UNICODE /D UNICODE /GF /Gm- /EHsc /MT /GS /Gy /fp:precise /Zc:wchar_t /Zc:forScope /Zc:inline /Fo"obj\Release\curl-lib\\" /Fd"obj\Release\curl-lib\curl-lib.pdb" /Gd /TC /analyze- /errorReport:prompt ..\..\contrib\curl\lib\amigaos.c "..\..\contrib\curl\lib\asyn-ares.c" "..\..\contrib\curl\lib\asyn-thread.c" ..\..\contrib\curl\lib\base64.c ..\..\contrib\curl\lib\conncache.c ..\..\contrib\curl\lib\connect.c ..\..\contrib\curl\lib\content_encoding.c ..\..\contrib\curl\lib\cookie.c ..\..\contrib\curl\lib\curl_addrinfo.c ..\..\contrib\curl\lib\curl_des.c ..\..\contrib\curl\lib\curl_endian.c ..\..\contrib\curl\lib\curl_fnmatch.c ..\..\contrib\curl\lib\curl_gethostname.c ..\..\contrib\curl\lib\curl_gssapi.c ..\..\contrib\curl\lib\curl_memrchr.c ..\..\contrib\curl\lib\curl_multibyte.c ..\..\contrib\curl\lib\curl_ntlm.c ..\..\contrib\curl\lib\curl_ntlm_core.c ..\..\contrib\curl\lib\curl_ntlm_msgs.c ..\..\contrib\curl\lib\curl_ntlm_wb.c ..\..\contrib\curl\lib\curl_rtmp.c ..\..\contrib\curl\lib\curl_sasl.c ..\..\contrib\curl\lib\curl_sasl_gssapi.c ..\..\contrib\curl\lib\curl_sasl_sspi.c ..\..\contrib\curl\lib\curl_sspi.c ..\..\contrib\curl\lib\curl_threads.c ..\..\contrib\curl\lib\dict.c ..\..\contrib\curl\lib\dotdot.c ..\..\contrib\curl\lib\easy.c ..\..\contrib\curl\lib\escape.c ..\..\contrib\curl\lib\file.c ..\..\contrib\curl\lib\fileinfo.c ..\..\contrib\curl\lib\formdata.c ..\..\contrib\curl\lib\ftp.c ..\..\contrib\curl\lib\ftplistparser.c ..\..\contrib\curl\lib\getenv.c ..\..\contrib\curl\lib\getinfo.c ..\..\contrib\curl\lib\gopher.c ..\..\contrib\curl\lib\hash.c ..\..\contrib\curl\lib\hmac.c ..\..\contrib\curl\lib\hostasyn.c ..\..\contrib\curl\lib\hostcheck.c ..\..\contrib\curl\lib\hostip.c ..\..\contrib\curl\lib\hostip4.c ..\..\contrib\curl\lib\hostip6.c ..\..\contrib\curl\lib\hostsyn.c ..\..\contrib\curl\lib\http.c ..\..\contrib\curl\lib\http2.c ..\..\contrib\curl\lib\http_chunks.c ..\..\contrib\curl\lib\http_digest.c ..\..\contrib\curl\lib\http_negotiate.c ..\..\contrib\curl\lib\http_negotiate_sspi.c ..\..\contrib\curl\lib\http_proxy.c ..\..\contrib\curl\lib\idn_win32.c ..\..\contrib\curl\lib\if2ip.c ..\..\contrib\curl\lib\imap.c ..\..\contrib\curl\lib\inet_ntop.c ..\..\contrib\curl\lib\inet_pton.c ..\..\contrib\curl\lib\krb5.c ..\..\contrib\curl\lib\ldap.c ..\..\contrib\curl\lib\llist.c ..\..\contrib\curl\lib\md4.c ..\..\contrib\curl\lib\md5.c ..\..\contrib\curl\lib\memdebug.c ..\..\contrib\curl\lib\mprintf.c ..\..\contrib\curl\lib\multi.c ..\..\contrib\curl\lib\netrc.c "..\..\contrib\curl\lib\non-ascii.c" ..\..\contrib\curl\lib\nonblock.c ..\..\contrib\curl\lib\nwlib.c ..\..\contrib\curl\lib\nwos.c ..\..\contrib\curl\lib\openldap.c ..\..\contrib\curl\lib\parsedate.c ..\..\contrib\curl\lib\pingpong.c ..\..\contrib\curl\lib\pipeline.c ..\..\contrib\curl\lib\pop3.c ..\..\contrib\curl\lib\progress.c ..\..\contrib\curl\lib\rawstr.c ..\..\contrib\curl\lib\rtsp.c ..\..\contrib\curl\lib\security.c ..\..\contrib\curl\lib\select.c ..\..\contrib\curl\lib\sendf.c ..\..\contrib\curl\lib\share.c ..\..\contrib\curl\lib\slist.c ..\..\contrib\curl\lib\smb.c ..\..\contrib\curl\lib\smtp.c ..\..\contrib\curl\lib\socks.c ..\..\contrib\curl\lib\socks_gssapi.c ..\..\contrib\curl\lib\socks_sspi.c ..\..\contrib\curl\lib\speedcheck.c ..\..\contrib\curl\lib\splay.c ..\..\contrib\curl\lib\ssh.c ..\..\contrib\curl\lib\strdup.c ..\..\contrib\curl\lib\strequal.c ..\..\contrib\curl\lib\strerror.c ..\..\contrib\curl\lib\strtok.c ..\..\contrib\curl\lib\strtoofft.c ..\..\contrib\curl\lib\telnet.c ..\..\contrib\curl\lib\tftp.c ..\..\contrib\curl\lib\timeval.c ..\..\contrib\curl\lib\transfer.c ..\..\contrib\curl\lib\url.c ..\..\contrib\curl\lib\version.c ..\..\contrib\curl\lib\vtls\axtls.c ..\..\contrib\curl\lib\vtls\cyassl.c ..\..\contrib\curl\lib\vtls\darwinssl.c ..\..\contrib\curl\lib\vtls\gskit.c ..\..\contrib\curl\lib\vtls\gtls.c ..\..\contrib\curl\lib\vtls\nss.c ..\..\contrib\curl\lib\vtls\openssl.c ..\..\contrib\curl\lib\vtls\polarssl.c ..\..\contrib\curl\lib\vtls\polarssl_threadlock.c ..\..\contrib\curl\lib\vtls\schannel.c ..\..\contrib\curl\lib\vtls\vtls.c ..\..\contrib\curl\lib\warnless.c ..\..\contrib\curl\lib\wildcard.c ..\..\contrib\curl\lib\x509asn1.c
         amigaos.c
         asyn-ares.c
         asyn-thread.c
         base64.c
         conncache.c
         connect.c
         content_encoding.c
         cookie.c
         curl_addrinfo.c
         curl_des.c
         curl_endian.c
         curl_fnmatch.c
         curl_gethostname.c
         curl_gssapi.c
         curl_memrchr.c
         curl_multibyte.c
         curl_ntlm.c
         curl_ntlm_core.c
         curl_ntlm_msgs.c
         curl_ntlm_wb.c
         Generating Code...
         Compiling...
         curl_rtmp.c
         curl_sasl.c
         curl_sasl_gssapi.c
         curl_sasl_sspi.c
         curl_sspi.c
         curl_threads.c
         dict.c
         dotdot.c
         easy.c
         escape.c
         file.c
         fileinfo.c
         formdata.c
         ftp.c
         ftplistparser.c
         getenv.c
         getinfo.c
         gopher.c
         hash.c
         hmac.c
         Generating Code...
         Compiling...
         hostasyn.c
         hostcheck.c
         hostip.c
         hostip4.c
         hostip6.c
         hostsyn.c
         http.c
         http2.c
         http_chunks.c
         http_digest.c
         http_negotiate.c
         http_negotiate_sspi.c
         http_proxy.c
         idn_win32.c
         if2ip.c
         imap.c
         inet_ntop.c
         inet_pton.c
         krb5.c
         ldap.c
         Generating Code...
         Compiling...
         llist.c
         md4.c
         md5.c
         memdebug.c
         mprintf.c
         multi.c
         netrc.c
         non-ascii.c
         nonblock.c
         nwlib.c
         nwos.c
         openldap.c
         parsedate.c
         pingpong.c
         pipeline.c
         pop3.c
         progress.c
         rawstr.c
         rtsp.c
         security.c
         Generating Code...
         Compiling...
         select.c
         sendf.c
         share.c
         slist.c
         smb.c
         smtp.c
         socks.c
         socks_gssapi.c
         socks_sspi.c
         speedcheck.c
         splay.c
         ssh.c
         strdup.c
         strequal.c
         strerror.c
         strtok.c
         strtoofft.c
         telnet.c
         tftp.c
         timeval.c
         Generating Code...
         Compiling...
         transfer.c
         url.c
         version.c
         axtls.c
         cyassl.c
         darwinssl.c
         gskit.c
         gtls.c
         nss.c
         openssl.c
         polarssl.c
         polarssl_threadlock.c
         schannel.c
         vtls.c
         warnless.c
         wildcard.c
         x509asn1.c
         Generating Code...
       Lib:
         D:\Programs\Microsoft Visual Studio 14.0\VC\bin\Lib.exe /OUT:"bin\Release\curl-lib.lib" /NOLOGO "obj\Release\curl-lib\amigaos.obj"
         "obj\Release\curl-lib\asyn-ares.obj"
         "obj\Release\curl-lib\asyn-thread.obj"
         "obj\Release\curl-lib\base64.obj"
         "obj\Release\curl-lib\conncache.obj"
         "obj\Release\curl-lib\connect.obj"
         "obj\Release\curl-lib\content_encoding.obj"
         "obj\Release\curl-lib\cookie.obj"
         "obj\Release\curl-lib\curl_addrinfo.obj"
         "obj\Release\curl-lib\curl_des.obj"
         "obj\Release\curl-lib\curl_endian.obj"
         "obj\Release\curl-lib\curl_fnmatch.obj"
         "obj\Release\curl-lib\curl_gethostname.obj"
         "obj\Release\curl-lib\curl_gssapi.obj"
         "obj\Release\curl-lib\curl_memrchr.obj"
         "obj\Release\curl-lib\curl_multibyte.obj"
         "obj\Release\curl-lib\curl_ntlm.obj"
         "obj\Release\curl-lib\curl_ntlm_core.obj"
         "obj\Release\curl-lib\curl_ntlm_msgs.obj"
         "obj\Release\curl-lib\curl_ntlm_wb.obj"
         "obj\Release\curl-lib\curl_rtmp.obj"
         "obj\Release\curl-lib\curl_sasl.obj"
         "obj\Release\curl-lib\curl_sasl_gssapi.obj"
         "obj\Release\curl-lib\curl_sasl_sspi.obj"
         "obj\Release\curl-lib\curl_sspi.obj"
         "obj\Release\curl-lib\curl_threads.obj"
         "obj\Release\curl-lib\dict.obj"
         "obj\Release\curl-lib\dotdot.obj"
         "obj\Release\curl-lib\easy.obj"
         "obj\Release\curl-lib\escape.obj"
         "obj\Release\curl-lib\file.obj"
         "obj\Release\curl-lib\fileinfo.obj"
         "obj\Release\curl-lib\formdata.obj"
         "obj\Release\curl-lib\ftp.obj"
         "obj\Release\curl-lib\ftplistparser.obj"
         "obj\Release\curl-lib\getenv.obj"
         "obj\Release\curl-lib\getinfo.obj"
         "obj\Release\curl-lib\gopher.obj"
         "obj\Release\curl-lib\hash.obj"
         "obj\Release\curl-lib\hmac.obj"
         "obj\Release\curl-lib\hostasyn.obj"
         "obj\Release\curl-lib\hostcheck.obj"
         "obj\Release\curl-lib\hostip.obj"
         "obj\Release\curl-lib\hostip4.obj"
         "obj\Release\curl-lib\hostip6.obj"
         "obj\Release\curl-lib\hostsyn.obj"
         "obj\Release\curl-lib\http.obj"
         "obj\Release\curl-lib\http2.obj"
         "obj\Release\curl-lib\http_chunks.obj"
         "obj\Release\curl-lib\http_digest.obj"
         "obj\Release\curl-lib\http_negotiate.obj"
         "obj\Release\curl-lib\http_negotiate_sspi.obj"
         "obj\Release\curl-lib\http_proxy.obj"
         "obj\Release\curl-lib\idn_win32.obj"
         "obj\Release\curl-lib\if2ip.obj"
         "obj\Release\curl-lib\imap.obj"
         "obj\Release\curl-lib\inet_ntop.obj"
         "obj\Release\curl-lib\inet_pton.obj"
         "obj\Release\curl-lib\krb5.obj"
         "obj\Release\curl-lib\ldap.obj"
         "obj\Release\curl-lib\llist.obj"
         "obj\Release\curl-lib\md4.obj"
         "obj\Release\curl-lib\md5.obj"
         "obj\Release\curl-lib\memdebug.obj"
         "obj\Release\curl-lib\mprintf.obj"
         "obj\Release\curl-lib\multi.obj"
         "obj\Release\curl-lib\netrc.obj"
         "obj\Release\curl-lib\non-ascii.obj"
         "obj\Release\curl-lib\nonblock.obj"
         "obj\Release\curl-lib\nwlib.obj"
         "obj\Release\curl-lib\nwos.obj"
         "obj\Release\curl-lib\openldap.obj"
         "obj\Release\curl-lib\parsedate.obj"
         "obj\Release\curl-lib\pingpong.obj"
         "obj\Release\curl-lib\pipeline.obj"
         "obj\Release\curl-lib\pop3.obj"
         "obj\Release\curl-lib\progress.obj"
         "obj\Release\curl-lib\rawstr.obj"
         "obj\Release\curl-lib\rtsp.obj"
         "obj\Release\curl-lib\security.obj"
         "obj\Release\curl-lib\select.obj"
         "obj\Release\curl-lib\sendf.obj"
         "obj\Release\curl-lib\share.obj"
         "obj\Release\curl-lib\slist.obj"
         "obj\Release\curl-lib\smb.obj"
         "obj\Release\curl-lib\smtp.obj"
         "obj\Release\curl-lib\socks.obj"
         "obj\Release\curl-lib\socks_gssapi.obj"
         "obj\Release\curl-lib\socks_sspi.obj"
         "obj\Release\curl-lib\speedcheck.obj"
         "obj\Release\curl-lib\splay.obj"
         "obj\Release\curl-lib\ssh.obj"
         "obj\Release\curl-lib\strdup.obj"
         "obj\Release\curl-lib\strequal.obj"
         "obj\Release\curl-lib\strerror.obj"
         "obj\Release\curl-lib\strtok.obj"
         "obj\Release\curl-lib\strtoofft.obj"
         "obj\Release\curl-lib\telnet.obj"
         "obj\Release\curl-lib\tftp.obj"
         "obj\Release\curl-lib\timeval.obj"
         "obj\Release\curl-lib\transfer.obj"
         "obj\Release\curl-lib\url.obj"
         "obj\Release\curl-lib\version.obj"
         "obj\Release\curl-lib\axtls.obj"
         "obj\Release\curl-lib\cyassl.obj"
         "obj\Release\curl-lib\darwinssl.obj"
         "obj\Release\curl-lib\gskit.obj"
         "obj\Release\curl-lib\gtls.obj"
         "obj\Release\curl-lib\nss.obj"
         "obj\Release\curl-lib\openssl.obj"
         "obj\Release\curl-lib\polarssl.obj"
         "obj\Release\curl-lib\polarssl_threadlock.obj"
         "obj\Release\curl-lib\schannel.obj"
         "obj\Release\curl-lib\vtls.obj"
         "obj\Release\curl-lib\warnless.obj"
         "obj\Release\curl-lib\wildcard.obj"
         "obj\Release\curl-lib\x509asn1.obj"
         curl-lib.vcxproj -> D:\Anthor\Projects\Flourish\Premake\source\build\bootstrap\bin\Release\curl-lib.lib
     1>Done Building Project "D:\Anthor\Projects\Flourish\Premake\source\build\bootstrap\curl-lib.vcxproj" (Build target(s)).

Build succeeded.

Time Elapsed 00:00:18.44
