Build started 20/02/2016 23:09:07.
     1>Project "D:\Anthor\Projects\Flourish\Premake\source\build\bootstrap\zlib-lib.vcxproj" on node 4 (Build target(s)).
     1>ClCompile:
         D:\Programs\Microsoft Visual Studio 14.0\VC\bin\CL.exe /c /Zi /nologo /W3 /WX- /O1 /Oi /Oy- /D _CRT_SECURE_NO_WARNINGS /D _CRT_NONSTDC_NO_WARNINGS /D N_FSEEKO /D _CRT_SECURE_NO_DEPRECATE /D _WINDOWS /D NDEBUG /D _UNICODE /D UNICODE /GF /Gm- /EHsc /MT /GS /Gy /fp:precise /Zc:wchar_t /Zc:forScope /Zc:inline /Fo"obj\Release\zlib-lib\\" /Fd"obj\Release\zlib-lib\zlib-lib.pdb" /Gd /TC /analyze- /errorReport:prompt ..\..\contrib\zlib\adler32.c ..\..\contrib\zlib\compress.c ..\..\contrib\zlib\crc32.c ..\..\contrib\zlib\deflate.c ..\..\contrib\zlib\gzclose.c ..\..\contrib\zlib\gzlib.c ..\..\contrib\zlib\gzread.c ..\..\contrib\zlib\gzwrite.c ..\..\contrib\zlib\infback.c ..\..\contrib\zlib\inffast.c ..\..\contrib\zlib\inflate.c ..\..\contrib\zlib\inftrees.c ..\..\contrib\zlib\trees.c ..\..\contrib\zlib\uncompr.c ..\..\contrib\zlib\zutil.c
         adler32.c
         compress.c
         crc32.c
         deflate.c
         gzclose.c
         gzlib.c
         gzread.c
         gzwrite.c
         infback.c
         inffast.c
         inflate.c
         inftrees.c
         trees.c
         uncompr.c
         zutil.c
         Generating Code...
       Lib:
         D:\Programs\Microsoft Visual Studio 14.0\VC\bin\Lib.exe /OUT:"bin\Release\zlib-lib.lib" /NOLOGO "obj\Release\zlib-lib\adler32.obj"
         "obj\Release\zlib-lib\compress.obj"
         "obj\Release\zlib-lib\crc32.obj"
         "obj\Release\zlib-lib\deflate.obj"
         "obj\Release\zlib-lib\gzclose.obj"
         "obj\Release\zlib-lib\gzlib.obj"
         "obj\Release\zlib-lib\gzread.obj"
         "obj\Release\zlib-lib\gzwrite.obj"
         "obj\Release\zlib-lib\infback.obj"
         "obj\Release\zlib-lib\inffast.obj"
         "obj\Release\zlib-lib\inflate.obj"
         "obj\Release\zlib-lib\inftrees.obj"
         "obj\Release\zlib-lib\trees.obj"
         "obj\Release\zlib-lib\uncompr.obj"
         "obj\Release\zlib-lib\zutil.obj"
         zlib-lib.vcxproj -> D:\Anthor\Projects\Flourish\Premake\source\build\bootstrap\bin\Release\zlib-lib.lib
     1>Done Building Project "D:\Anthor\Projects\Flourish\Premake\source\build\bootstrap\zlib-lib.vcxproj" (Build target(s)).

Build succeeded.

Time Elapsed 00:00:01.13
